<?xml version="1.0" encoding="UTF-8"?>
<!-- Generated by org.testng.reporters.JUnitReportReporter -->
<testsuite hostname="manash-PC" failures="0" tests="1" name="MavenTest.MavenFirst.AppTest" time="0.009" errors="0" timestamp="2022-07-26T01:45:26 IST" skipped="0">
  <testcase classname="MavenTest.MavenFirst.AppTest" name="shouldAnswerWithTrue" time="0.009"/>
  <system-out/>
</testsuite> <!-- MavenTest.MavenFirst.AppTest -->
