<?xml version="1.0" encoding="UTF-8"?>
<!-- Generated by org.testng.reporters.JUnitReportReporter -->
<testsuite hostname="manash-PC" failures="0" tests="1" name="MavenTest.MavenFirst.SeleniumTest" time="0.016" errors="0" timestamp="2022-07-26T01:47:33 IST" skipped="0">
  <testcase classname="MavenTest.MavenFirst.SeleniumTest" name="BrowserAutomation" time="0.016"/>
  <system-out/>
</testsuite> <!-- MavenTest.MavenFirst.SeleniumTest -->
